  main.cpp
D:\OneDrive\OneDrive - Staffordshire University\Year 3\Low Level Programming\Assignment\RayTracerFramework\RayTracerSmall\main.cpp(44,1): warning C4005: 'INFINITY': macro redefinition
C:\Program Files (x86)\Windows Kits\10\Include\10.0.18362.0\ucrt\corecrt_math.h(90): message : see previous definition of 'INFINITY'
D:\OneDrive\OneDrive - Staffordshire University\Year 3\Low Level Programming\Assignment\RayTracerFramework\RayTracerSmall\main.cpp(97,19): warning C4305: 'initializing': truncation from 'double' to 'float'
D:\OneDrive\OneDrive - Staffordshire University\Year 3\Low Level Programming\Assignment\RayTracerFramework\RayTracerSmall\main.cpp(103,60): warning C4305: 'argument': truncation from 'double' to 'const float'
D:\OneDrive\OneDrive - Staffordshire University\Year 3\Low Level Programming\Assignment\RayTracerFramework\RayTracerSmall\main.cpp(103,32): warning C4244: 'argument': conversion from 'double' to 'const float', possible loss of data
D:\OneDrive\OneDrive - Staffordshire University\Year 3\Low Level Programming\Assignment\RayTracerFramework\RayTracerSmall\main.cpp(112,19): warning C4305: 'initializing': truncation from 'double' to 'float'
D:\OneDrive\OneDrive - Staffordshire University\Year 3\Low Level Programming\Assignment\RayTracerFramework\RayTracerSmall\main.cpp(167,14): warning C4244: 'initializing': conversion from 'double' to 'float', possible loss of data
D:\OneDrive\OneDrive - Staffordshire University\Year 3\Low Level Programming\Assignment\RayTracerFramework\RayTracerSmall\main.cpp(171,13): warning C4244: 'initializing': conversion from 'double' to 'float', possible loss of data
D:\OneDrive\OneDrive - Staffordshire University\Year 3\Low Level Programming\Assignment\RayTracerFramework\RayTracerSmall\main.cpp(172,13): warning C4244: 'initializing': conversion from 'double' to 'float', possible loss of data
D:\OneDrive\OneDrive - Staffordshire University\Year 3\Low Level Programming\Assignment\RayTracerFramework\RayTracerSmall\main.cpp(226,81): warning C4305: 'argument': truncation from 'double' to 'T'
          with
          [
              T=float
          ]
D:\OneDrive\OneDrive - Staffordshire University\Year 3\Low Level Programming\Assignment\RayTracerFramework\RayTracerSmall\main.cpp(227,72): warning C4305: 'argument': truncation from 'double' to 'T'
          with
          [
              T=float
          ]
D:\OneDrive\OneDrive - Staffordshire University\Year 3\Low Level Programming\Assignment\RayTracerFramework\RayTracerSmall\main.cpp(228,73): warning C4305: 'argument': truncation from 'double' to 'T'
          with
          [
              T=float
          ]
D:\OneDrive\OneDrive - Staffordshire University\Year 3\Low Level Programming\Assignment\RayTracerFramework\RayTracerSmall\main.cpp(229,72): warning C4305: 'argument': truncation from 'double' to 'T'
          with
          [
              T=float
          ]
D:\OneDrive\OneDrive - Staffordshire University\Year 3\Low Level Programming\Assignment\RayTracerFramework\RayTracerSmall\main.cpp(296,19): warning C4244: 'argument': conversion from 'float' to 'int', possible loss of data
  RayTracerSmall.vcxproj -> D:\OneDrive\OneDrive - Staffordshire University\Year 3\Low Level Programming\Assignment\RayTracerFramework\x64\Debug\RayTracerSmall.exe
